<?xml version="1.0" encoding="UTF-8"?>
<!-- Generated by org.testng.reporters.JUnitXMLReporter -->
<testsuite ignored="0" hostname="IN-CV7XSL3" failures="1" tests="1" name="Command line test" time="14.507" errors="0" timestamp="2023-12-23T15:18:16 IST">
  <testcase classname="test.LoginTest" name="loginTest" time="0.137">
    <failure type="java.lang.AssertionError" message="expected [General/Navigation.aspx] but found [Whizible 23]">
      <![CDATA[java.lang.AssertionError: expected [General/Navigation.aspx] but found [Whizible 23]
at test.LoginTest.loginTest(LoginTest.java:18)
at java.base/java.util.ArrayList.forEach(ArrayList.java:1511)
... Removed 42 stack frames]]>
    </failure>
  </testcase> <!-- loginTest -->
</testsuite> <!-- Command line test -->
